<?xml version="1.0" encoding="UTF-8"?>
<!-- Generated by org.testng.reporters.JUnitXMLReporter -->
<testsuite ignored="0" hostname="Neevetha" failures="1" tests="1" name="browser" time="109.656" errors="0" timestamp="2021-09-17T15:00:51 IST">
  <testcase classname="chapter3.Parallel" name="demo" time="109.501">
    <failure type="org.openqa.selenium.SessionNotCreatedException" message="session not created
from disconnected: received Inspector.detached event
  (Session info: chrome=93.0.4577.82)
Build info: version: &amp;apos;3.141.59&amp;apos;, revision: &amp;apos;e82be7d358&amp;apos;, time: &amp;apos;2018-11-14T08:25:53&amp;apos;
System info: host: &amp;apos;NEEVETHA&amp;apos;, ip: &amp;apos;192.168.0.116&amp;apos;, os.name: &amp;apos;Windows 8&amp;apos;, os.arch: &amp;apos;amd64&amp;apos;, os.version: &amp;apos;6.2&amp;apos;, java.version: &amp;apos;16.0.1&amp;apos;
Driver info: driver.version: ChromeDriver
remote stacktrace: Backtrace:
	Ordinal0 [0x0162D403+2479107]
	Ordinal0 [0x015C7D51+2063697]
	Ordinal0 [0x014D20C8+1056968]
	Ordinal0 [0x014C54D4+1004756]
	Ordinal0 [0x014C5116+1003798]
	Ordinal0 [0x014C485A+1001562]
	Ordinal0 [0x014C39ED+997869]
	Ordinal0 [0x014C3CA6+998566]
	Ordinal0 [0x014C3595+996757]
	Ordinal0 [0x014CE184+1040772]
	Ordinal0 [0x014C3551+996689]
	Ordinal0 [0x014C4476+1000566]
	Ordinal0 [0x014C39ED+997869]
	Ordinal0 [0x014C3CA6+998566]
	Ordinal0 [0x014C3595+996757]
	Ordinal0 [0x014CC16A+1032554]
	Ordinal0 [0x014C3551+996689]
	Ordinal0 [0x014C4476+1000566]
	Ordinal0 [0x014C39ED+997869]
	Ordinal0 [0x014C3CA6+998566]
	Ordinal0 [0x014C3595+996757]
	Ordinal0 [0x014C9FF9+1023993]
	Ordinal0 [0x014C3551+996689]
	Ordinal0 [0x014C4476+1000566]
	Ordinal0 [0x014C39ED+997869]
	Ordinal0 [0x014C3CA6+998566]
	Ordinal0 [0x014C3595+996757]
	Ordinal0 [0x014C931C+1020700]
	Ordinal0 [0x014C3551+996689]
	Ordinal0 [0x014C4476+1000566]
	Ordinal0 [0x014C39ED+997869]
	Ordinal0 [0x014C3CA6+998566]
	Ordinal0 [0x014C3595+996757]
	Ordinal0 [0x014BF19D+979357]
	Ordinal0 [0x014C3551+996689]
	Ordinal0 [0x014C32F0+996080]
	Ordinal0 [0x014C3089+995465]
	Ordinal0 [0x014D32E0+1061600]
	Ordinal0 [0x0151AC59+1354841]
	Ordinal0 [0x0151992A+1349930]
	Ordinal0 [0x0151583B+1333307]
	Ordinal0 [0x014F1F94+1187732]
	Ordinal0 [0x014F2DE9+1191401]
	GetHandleVerifier [0x017AF3F6+1531734]
	GetHandleVerifier [0x0185E9AE+2249998]
	GetHandleVerifier [0x016B39AB+501003]
	GetHandleVerifier [0x016B2A29+497033]
	Ordinal0 [0x015CD11D+2085149]
	Ordinal0 [0x015D11C8+2101704]
	Ordinal0 [0x015D1302+2102018]
	Ordinal0 [0x015DAA71+2140785]
	BaseThreadInitThunk [0x75D38543+14]
	RtlInitializeExceptionChain [0x77C5AC69+133]
	RtlInitializeExceptionChain [0x77C5AC3C+88]
">
      <![CDATA[org.openqa.selenium.SessionNotCreatedException: session not created
from disconnected: received Inspector.detached event
  (Session info: chrome=93.0.4577.82)
Build info: version: '3.141.59', revision: 'e82be7d358', time: '2018-11-14T08:25:53'
System info: host: 'NEEVETHA', ip: '192.168.0.116', os.name: 'Windows 8', os.arch: 'amd64', os.version: '6.2', java.version: '16.0.1'
Driver info: driver.version: ChromeDriver
remote stacktrace: Backtrace:
Ordinal0 [0x0162D403+2479107]
Ordinal0 [0x015C7D51+2063697]
Ordinal0 [0x014D20C8+1056968]
Ordinal0 [0x014C54D4+1004756]
Ordinal0 [0x014C5116+1003798]
Ordinal0 [0x014C485A+1001562]
Ordinal0 [0x014C39ED+997869]
Ordinal0 [0x014C3CA6+998566]
Ordinal0 [0x014C3595+996757]
Ordinal0 [0x014CE184+1040772]
Ordinal0 [0x014C3551+996689]
Ordinal0 [0x014C4476+1000566]
Ordinal0 [0x014C39ED+997869]
Ordinal0 [0x014C3CA6+998566]
Ordinal0 [0x014C3595+996757]
Ordinal0 [0x014CC16A+1032554]
Ordinal0 [0x014C3551+996689]
Ordinal0 [0x014C4476+1000566]
Ordinal0 [0x014C39ED+997869]
Ordinal0 [0x014C3CA6+998566]
Ordinal0 [0x014C3595+996757]
Ordinal0 [0x014C9FF9+1023993]
Ordinal0 [0x014C3551+996689]
Ordinal0 [0x014C4476+1000566]
Ordinal0 [0x014C39ED+997869]
Ordinal0 [0x014C3CA6+998566]
Ordinal0 [0x014C3595+996757]
Ordinal0 [0x014C931C+1020700]
Ordinal0 [0x014C3551+996689]
Ordinal0 [0x014C4476+1000566]
Ordinal0 [0x014C39ED+997869]
Ordinal0 [0x014C3CA6+998566]
Ordinal0 [0x014C3595+996757]
Ordinal0 [0x014BF19D+979357]
Ordinal0 [0x014C3551+996689]
Ordinal0 [0x014C32F0+996080]
Ordinal0 [0x014C3089+995465]
Ordinal0 [0x014D32E0+1061600]
Ordinal0 [0x0151AC59+1354841]
Ordinal0 [0x0151992A+1349930]
Ordinal0 [0x0151583B+1333307]
Ordinal0 [0x014F1F94+1187732]
Ordinal0 [0x014F2DE9+1191401]
GetHandleVerifier [0x017AF3F6+1531734]
GetHandleVerifier [0x0185E9AE+2249998]
GetHandleVerifier [0x016B39AB+501003]
GetHandleVerifier [0x016B2A29+497033]
Ordinal0 [0x015CD11D+2085149]
Ordinal0 [0x015D11C8+2101704]
Ordinal0 [0x015D1302+2102018]
Ordinal0 [0x015DAA71+2140785]
BaseThreadInitThunk [0x75D38543+14]
RtlInitializeExceptionChain [0x77C5AC69+133]
RtlInitializeExceptionChain [0x77C5AC3C+88]

at org.openqa.selenium.remote.W3CHandshakeResponse.lambda$errorHandler$0(W3CHandshakeResponse.java:62)
at org.openqa.selenium.remote.HandshakeResponse.lambda$getResponseFunction$0(HandshakeResponse.java:30)
at org.openqa.selenium.remote.ProtocolHandshake.lambda$createSession$0(ProtocolHandshake.java:126)
at java.base/java.util.stream.ReferencePipeline$3$1.accept(ReferencePipeline.java:197)
at java.base/java.util.Spliterators$ArraySpliterator.tryAdvance(Spliterators.java:958)
at java.base/java.util.stream.ReferencePipeline.forEachWithCancel(ReferencePipeline.java:129)
at java.base/java.util.stream.AbstractPipeline.copyIntoWithCancel(AbstractPipeline.java:502)
at java.base/java.util.stream.AbstractPipeline.copyInto(AbstractPipeline.java:488)
at java.base/java.util.stream.AbstractPipeline.wrapAndCopyInto(AbstractPipeline.java:474)
at java.base/java.util.stream.FindOps$FindOp.evaluateSequential(FindOps.java:150)
at java.base/java.util.stream.AbstractPipeline.evaluate(AbstractPipeline.java:234)
at java.base/java.util.stream.ReferencePipeline.findFirst(ReferencePipeline.java:647)
at org.openqa.selenium.remote.ProtocolHandshake.createSession(ProtocolHandshake.java:128)
at org.openqa.selenium.remote.ProtocolHandshake.createSession(ProtocolHandshake.java:74)
at org.openqa.selenium.remote.HttpCommandExecutor.execute(HttpCommandExecutor.java:136)
at org.openqa.selenium.remote.service.DriverCommandExecutor.execute(DriverCommandExecutor.java:83)
at org.openqa.selenium.remote.RemoteWebDriver.execute(RemoteWebDriver.java:552)
at org.openqa.selenium.remote.RemoteWebDriver.startSession(RemoteWebDriver.java:213)
at org.openqa.selenium.remote.RemoteWebDriver.<init>(RemoteWebDriver.java:131)
at org.openqa.selenium.chrome.ChromeDriver.<init>(ChromeDriver.java:181)
at org.openqa.selenium.chrome.ChromeDriver.<init>(ChromeDriver.java:168)
at org.openqa.selenium.chrome.ChromeDriver.<init>(ChromeDriver.java:123)
at chapter3.Parallel.demo(Parallel.java:21)
at java.base/java.util.ArrayList.forEach(ArrayList.java:1511)
at java.base/java.util.concurrent.FutureTask.run(FutureTask.java:264)
at java.base/java.util.concurrent.ThreadPoolExecutor.runWorker(ThreadPoolExecutor.java:1130)
at java.base/java.util.concurrent.ThreadPoolExecutor$Worker.run(ThreadPoolExecutor.java:630)
at java.base/java.lang.Thread.run(Thread.java:831)
... Removed 23 stack frames]]>
    </failure>
  </testcase> <!-- demo -->
</testsuite> <!-- browser -->
